<?xml version="1.0" encoding="UTF-8"?>
<testsuite name="com.assignment.GameTest" tests="3" skipped="0" failures="0" errors="0" timestamp="2021-07-04T15:16:05" hostname="Viveks-MacBook-Pro.local" time="0.417">
  <properties/>
  <testcase name="[1] 100, 3" classname="com.assignment.GameTest" time="0.401"/>
  <testcase name="[2] 100, 5" classname="com.assignment.GameTest" time="0.003"/>
  <testcase name="[3] 100, 1" classname="com.assignment.GameTest" time="0.002"/>
  <system-out><![CDATA[]]></system-out>
  <system-err><![CDATA[]]></system-err>
</testsuite>
